This is pdfTeX, Version 3.1415926-2.5-1.40.14 (MiKTeX 2.9) (preloaded format=latex 2015.4.1)  5 MAY 2015 13:24
entering extended mode
**drug_release.tex

("D:\Claudinho\OneDrive\Educação\Mestrado\Artigos\Liberação de Fármaco\ga_
droga_domingos\drug_release.tex"
LaTeX2e <2011/06/27>
Babel <v3.8m> and hyphenation patterns for english, afrikaans, ancientgreek, ar
abic, armenian, assamese, basque, bengali, bokmal, bulgarian, catalan, coptic, 
croatian, czech, danish, dutch, esperanto, estonian, farsi, finnish, french, ga
lician, german, german-x-2013-05-26, greek, gujarati, hindi, hungarian, iceland
ic, indonesian, interlingua, irish, italian, kannada, kurmanji, latin, latvian,
 lithuanian, malayalam, marathi, mongolian, mongolianlmc, monogreek, ngerman, n
german-x-2013-05-26, nynorsk, oriya, panjabi, pinyin, polish, portuguese, roman
ian, russian, sanskrit, serbian, slovak, slovenian, spanish, swedish, swissgerm
an, tamil, telugu, turkish, turkmen, ukenglish, ukrainian, uppersorbian, usengl
ishmax, welsh, loaded.
("C:\Program Files (x86)\MiKTeX 2.9_1\tex\latex\revtex4\revtex4.cls"
Document Class: revtex4 2001/08/03 v4.0 (http://publish.aps.org/revtex4/ for do
cumentation)
 Copyright (c) 2001 The American Physical Society.
 mailto:revtex@aps.org
 Licensed under the LPPL:
http://www.ctan.org/tex-archive/macros/latex/base/lppl.txt
 Arthur Ogawa <ogawa@teleport.com>
 Based on work by David Carlisle <david@dcarlisle.demon.co.uk>.
ltxutil: portions licensed from W. E. Baxter (web@superscript.com)
Class revtex4 Info: Repairing broken LateX \@sect on input line 596.
\intertabularlinepenalty=\count79
\@tbpen=\count80
\@arstrutbox@hline=\box26
Class revtex4 Info: Repairing broken LaTeX \@xbitor on input line 1610.
ltxgrid: portions licensed from W. E. Baxter (web@superscript.com)
\c@linecount=\count81
\output=\toks14
\@protection@box=\box27
\@topmark@saved=\toks15
\footins@saved=\box28
\pagesofar=\box29
\footbox=\box30
\pagegrid@col=\count82
Class revtex4 Info: Incorporating package {textcase}  [1998/11/12 v0.06 Text on
ly upper/lower case changing (DPC)]. on input line 3682.
("C:\Program Files (x86)\MiKTeX 2.9_1\tex\latex\url\url.sty"
\Urlmuskip=\muskip10
Package: url 2013/09/16  ver 3.4  Verb mode for urls, etc.
)
\c@affil=\count83
\absbox=\box31
\c@part=\count84
\c@section=\count85
\c@subsection=\count86
\c@subsubsection=\count87
\c@paragraph=\count88
\c@subparagraph=\count89
\abovecaptionskip=\skip41
\belowcaptionskip=\skip42
\c@figure=\count90
\c@table=\count91

("C:\Program Files (x86)\MiKTeX 2.9_1\tex\latex\natbib\natbib.sty"
Package: natbib 2010/09/13 8.31b (PWD, AO)
\bibhang=\skip43
\bibsep=\skip44
LaTeX Info: Redefining \cite on input line 694.
\c@NAT@ctr=\count92
)
\widetext@top=\box32
\widetext@bot=\box33

("C:\Program Files (x86)\MiKTeX 2.9_1\tex\latex\revtex4\revsymb.sty"
Package: revsymb 2001/08/03 v4.0 (http://publish.aps.org/revtex4/ for documenta
tion)
LaTeX Info: Redefining \REV@mathfrak on input line 118.
))
("C:\Program Files (x86)\MiKTeX 2.9_1\tex\latex\revtex4\aps.rtx"
File: aps.rtx 2001/08/03 v4.0 (http://publish.aps.org/revtex4/ for documentatio
n)
)
("C:\Program Files (x86)\MiKTeX 2.9_1\tex\latex\revtex4\12pt.rtx"
File: 12pt.rtx 2001/08/03 v4.0 (http://publish.aps.org/revtex4/ for documentati
on)
)
("C:\Program Files (x86)\MiKTeX 2.9_1\tex\latex\amsmath\amsmath.sty"
Package: amsmath 2013/01/14 v2.14 AMS math features
\@mathmargin=\skip45

For additional information on amsmath, use the `?' option.
("C:\Program Files (x86)\MiKTeX 2.9_1\tex\latex\amsmath\amstext.sty"
Package: amstext 2000/06/29 v2.01

("C:\Program Files (x86)\MiKTeX 2.9_1\tex\latex\amsmath\amsgen.sty"
File: amsgen.sty 1999/11/30 v2.0
\@emptytoks=\toks16
\ex@=\dimen102
))
("C:\Program Files (x86)\MiKTeX 2.9_1\tex\latex\amsmath\amsbsy.sty"
Package: amsbsy 1999/11/29 v1.2d
\pmbraise@=\dimen103
)
("C:\Program Files (x86)\MiKTeX 2.9_1\tex\latex\amsmath\amsopn.sty"
Package: amsopn 1999/12/14 v2.01 operator names
)
\inf@bad=\count93
LaTeX Info: Redefining \frac on input line 210.
\uproot@=\count94
\leftroot@=\count95
LaTeX Info: Redefining \overline on input line 306.
\classnum@=\count96
\DOTSCASE@=\count97
LaTeX Info: Redefining \ldots on input line 378.
LaTeX Info: Redefining \dots on input line 381.
LaTeX Info: Redefining \cdots on input line 466.
\Mathstrutbox@=\box34
\strutbox@=\box35
\big@size=\dimen104
LaTeX Font Info:    Redeclaring font encoding OML on input line 566.
LaTeX Font Info:    Redeclaring font encoding OMS on input line 567.
\macc@depth=\count98
\c@MaxMatrixCols=\count99
\dotsspace@=\muskip11
\c@parentequation=\count100
\dspbrk@lvl=\count101
\tag@help=\toks17
\row@=\count102
\column@=\count103
\maxfields@=\count104
\andhelp@=\toks18
\eqnshift@=\dimen105
\alignsep@=\dimen106
\tagshift@=\dimen107
\tagwidth@=\dimen108
\totwidth@=\dimen109
\lineht@=\dimen110
\@envbody=\toks19
\multlinegap=\skip46
\multlinetaggap=\skip47
\mathdisplay@stack=\toks20
LaTeX Info: Redefining \[ on input line 2665.
LaTeX Info: Redefining \] on input line 2666.
)
("C:\Program Files (x86)\MiKTeX 2.9_1\tex\latex\graphics\graphicx.sty"
Package: graphicx 1999/02/16 v1.0f Enhanced LaTeX Graphics (DPC,SPQR)

("C:\Program Files (x86)\MiKTeX 2.9_1\tex\latex\graphics\keyval.sty"
Package: keyval 1999/03/16 v1.13 key=value parser (DPC)
\KV@toks@=\toks21
)
("C:\Program Files (x86)\MiKTeX 2.9_1\tex\latex\graphics\graphics.sty"
Package: graphics 2009/02/05 v1.0o Standard LaTeX Graphics (DPC,SPQR)

("C:\Program Files (x86)\MiKTeX 2.9_1\tex\latex\graphics\trig.sty"
Package: trig 1999/03/16 v1.09 sin cos tan (DPC)
)
("C:\Program Files (x86)\MiKTeX 2.9_1\tex\latex\00miktex\graphics.cfg"
File: graphics.cfg 2007/01/18 v1.5 graphics configuration of teTeX/TeXLive
)
Package graphics Info: Driver file: dvips.def on input line 91.

("C:\Program Files (x86)\MiKTeX 2.9_1\tex\latex\graphics\dvips.def"
File: dvips.def 1999/02/16 v3.0i Driver-dependant file (DPC,SPQR)
))
\Gin@req@height=\dimen111
\Gin@req@width=\dimen112
)
("C:\Program Files (x86)\MiKTeX 2.9_1\tex\latex\amsfonts\amssymb.sty"
Package: amssymb 2013/01/14 v3.01 AMS font symbols

("C:\Program Files (x86)\MiKTeX 2.9_1\tex\latex\amsfonts\amsfonts.sty"
Package: amsfonts 2013/01/14 v3.01 Basic AMSFonts support
\symAMSa=\mathgroup4
\symAMSb=\mathgroup5
LaTeX Font Info:    Overwriting math alphabet `\mathfrak' in version `bold'
(Font)                  U/euf/m/n --> U/euf/b/n on input line 106.
LaTeX Info: Redefining \frak on input line 111.
LaTeX Info: Redefining \Bbb on input line 113.
))
("C:\Program Files (x86)\MiKTeX 2.9_1\tex\latex\tools\dcolumn.sty"
Package: dcolumn 2001/05/28 v1.06 decimal alignment package (DPC)

("C:\Program Files (x86)\MiKTeX 2.9_1\tex\latex\tools\array.sty"
Package: array 2008/09/09 v2.4c Tabular extension package (FMi)
\col@sep=\dimen113
\extrarowheight=\dimen114
\NC@list=\toks22
\extratabsurround=\skip48
\backup@length=\skip49
))
("C:\Program Files (x86)\MiKTeX 2.9_1\tex\latex\hyperref\hyperref.sty"
Package: hyperref 2012/11/06 v6.83m Hypertext links for LaTeX

("C:\Program Files (x86)\MiKTeX 2.9_1\tex\generic\oberdiek\hobsub-hyperref.sty"
Package: hobsub-hyperref 2012/04/25 v1.12 Bundle oberdiek, subset hyperref (HO)

("C:\Program Files (x86)\MiKTeX 2.9_1\tex\generic\oberdiek\hobsub-generic.sty"
Package: hobsub-generic 2012/04/25 v1.12 Bundle oberdiek, subset generic (HO)
Package: hobsub 2012/04/25 v1.12 Construct package bundles (HO)
Package: infwarerr 2010/04/08 v1.3 Providing info/warning/error messages (HO)
Package: ltxcmds 2011/11/09 v1.22 LaTeX kernel commands for general use (HO)
Package: ifluatex 2010/03/01 v1.3 Provides the ifluatex switch (HO)
Package ifluatex Info: LuaTeX not detected.
Package: ifvtex 2010/03/01 v1.5 Detect VTeX and its facilities (HO)
Package ifvtex Info: VTeX not detected.
Package: intcalc 2007/09/27 v1.1 Expandable calculations with integers (HO)
Package: ifpdf 2011/01/30 v2.3 Provides the ifpdf switch (HO)
Package ifpdf Info: pdfTeX in PDF mode is not detected.
Package: etexcmds 2011/02/16 v1.5 Avoid name clashes with e-TeX commands (HO)
Package etexcmds Info: Could not find \expanded.
(etexcmds)             That can mean that you are not using pdfTeX 1.50 or
(etexcmds)             that some package has redefined \expanded.
(etexcmds)             In the latter case, load this package earlier.
Package: kvsetkeys 2012/04/25 v1.16 Key value parser (HO)
Package: kvdefinekeys 2011/04/07 v1.3 Define keys (HO)
Package: pdftexcmds 2011/11/29 v0.20 Utility functions of pdfTeX for LuaTeX (HO
)
Package pdftexcmds Info: LuaTeX not detected.
Package pdftexcmds Info: \pdf@primitive is available.
Package pdftexcmds Info: \pdf@ifprimitive is available.
Package pdftexcmds Info: \pdfdraftmode is ignored in DVI mode.
Package: pdfescape 2011/11/25 v1.13 Implements pdfTeX's escape features (HO)
Package: bigintcalc 2012/04/08 v1.3 Expandable calculations on big integers (HO
)
Package: bitset 2011/01/30 v1.1 Handle bit-vector datatype (HO)
Package: uniquecounter 2011/01/30 v1.2 Provide unlimited unique counter (HO)
)
Package hobsub Info: Skipping package `hobsub' (already loaded).
Package: letltxmacro 2010/09/02 v1.4 Let assignment for LaTeX macros (HO)
Package: hopatch 2011/06/24 v1.1 Wrapper for package hooks (HO)
Package: xcolor-patch 2011/01/30 xcolor patch
Package: atveryend 2011/06/30 v1.8 Hooks at the very end of document (HO)
Package: atbegshi 2011/10/05 v1.16 At begin shipout hook (HO)
Package: refcount 2011/10/16 v3.4 Data extraction from label references (HO)
Package: hycolor 2011/01/30 v1.7 Color options for hyperref/bookmark (HO)
) ("C:\Program Files (x86)\MiKTeX 2.9_1\tex\generic\ifxetex\ifxetex.sty"
Package: ifxetex 2010/09/12 v0.6 Provides ifxetex conditional
)
("C:\Program Files (x86)\MiKTeX 2.9_1\tex\latex\oberdiek\auxhook.sty"
Package: auxhook 2011/03/04 v1.3 Hooks for auxiliary files (HO)
)
("C:\Program Files (x86)\MiKTeX 2.9_1\tex\latex\oberdiek\kvoptions.sty"
Package: kvoptions 2011/06/30 v3.11 Key value format for package options (HO)
)
\@linkdim=\dimen115
\Hy@linkcounter=\count105
\Hy@pagecounter=\count106

("C:\Program Files (x86)\MiKTeX 2.9_1\tex\latex\hyperref\pd1enc.def"
File: pd1enc.def 2012/11/06 v6.83m Hyperref: PDFDocEncoding definition (HO)
)
\Hy@SavedSpaceFactor=\count107

("C:\Program Files (x86)\MiKTeX 2.9_1\tex\latex\00miktex\hyperref.cfg"
File: hyperref.cfg 2002/06/06 v1.2 hyperref configuration of TeXLive
)

! Package hyperref Error: Wrong driver option `pdftex',
(hyperref)                because pdfTeX in PDF mode is not detected.

See the hyperref package documentation for explanation.
Type  H <return>  for immediate help.
 ...                                              
                                                  
l.4321 \ProcessKeyvalOptions{Hyp}
                                 
Try typing  <return>  to proceed.
If that doesn't work, type  X <return>  to quit.

Package hyperref Info: Option `colorlinks' set `true' on input line 4321.
Package hyperref Info: Option `linktocpage' set `true' on input line 4321.
Package hyperref Info: Option `breaklinks' set `true' on input line 4321.
Package hyperref Info: Option `bookmarks' set `true' on input line 4321.
Package hyperref Info: Option `bookmarksnumbered' set `true' on input line 4321
.
Package hyperref Info: Hyper figures OFF on input line 4445.
Package hyperref Info: Link nesting OFF on input line 4450.
Package hyperref Info: Hyper index ON on input line 4453.
Package hyperref Info: Plain pages OFF on input line 4460.
Package hyperref Info: Backreferencing OFF on input line 4465.
Package hyperref Info: Implicit mode ON; LaTeX internals redefined.
Package hyperref Info: Bookmarks ON on input line 4690.
\c@Hy@tempcnt=\count108
LaTeX Info: Redefining \url on input line 5043.
\XeTeXLinkMargin=\dimen116
\Fld@menulength=\count109
\Field@Width=\dimen117
\Fld@charsize=\dimen118
Package hyperref Info: Hyper figures OFF on input line 6297.
Package hyperref Info: Link nesting OFF on input line 6302.
Package hyperref Info: Hyper index ON on input line 6305.
Package hyperref Info: backreferencing OFF on input line 6312.
Package hyperref Info: Link coloring ON on input line 6315.
Package hyperref Info: Link coloring with OCG OFF on input line 6322.
Package hyperref Info: PDF/A mode OFF on input line 6327.
LaTeX Info: Redefining \ref on input line 6367.
LaTeX Info: Redefining \pageref on input line 6371.
\Hy@abspage=\count110
\c@Item=\count111
\c@Hfootnote=\count112
)

Package hyperref Message: Driver (default): hdvips.

("C:\Program Files (x86)\MiKTeX 2.9_1\tex\latex\hyperref\hdvips.def"
File: hdvips.def 2012/11/06 v6.83m Hyperref driver for dvips

("C:\Program Files (x86)\MiKTeX 2.9_1\tex\latex\hyperref\pdfmark.def"
File: pdfmark.def 2012/11/06 v6.83m Hyperref definitions for pdfmark specials


Package hyperref Warning: You have enabled option `breaklinks'.
(hyperref)                But driver `hdvips.def' does not suppport this.
(hyperref)                Expect trouble with the link areas of broken links.

\pdf@docset=\toks23
\pdf@box=\box36
\pdf@toks=\toks24
\pdf@defaulttoks=\toks25
\HyField@AnnotCount=\count113
\Fld@listcount=\count114
\c@bookmark@seq@number=\count115
("C:\Program Files (x86)\MiKTeX 2.9_1\tex\latex\oberdiek\rerunfilecheck.sty"
Package: rerunfilecheck 2011/04/15 v1.7 Rerun checks for auxiliary files (HO)
Package uniquecounter Info: New unique counter `rerunfilecheck' on input line 2
82.
)
\Hy@SectionHShift=\skip50
)) ("C:\Program Files (x86)\MiKTeX 2.9_1\tex\latex\breakurl\breakurl.sty"
Package: breakurl 2013/04/10 v1.40 Breakable hyperref URLs

("C:\Program Files (x86)\MiKTeX 2.9_1\tex\latex\xkeyval\xkeyval.sty"
Package: xkeyval 2012/10/14 v2.6b package option processing (HA)

("C:\Program Files (x86)\MiKTeX 2.9_1\tex\generic\xkeyval\xkeyval.tex"
\XKV@toks=\toks26
\XKV@tempa@toks=\toks27
\XKV@depth=\count116
File: xkeyval.tex 2012/10/14 v2.6b key=value parser (HA)
))
\burl@toks=\toks28
)
("C:\Program Files (x86)\MiKTeX 2.9_1\tex\latex\todonotes\todonotes.sty"
Package: todonotes 2012/07/25 .dtx Todonotes source and documentation.
Package: todonotes 2012/07/25

("C:\Program Files (x86)\MiKTeX 2.9_1\tex\latex\base\ifthen.sty"
Package: ifthen 2001/05/26 v1.1c Standard LaTeX ifthen package (DPC)
)
("C:\Program Files (x86)\MiKTeX 2.9_1\tex\latex\xcolor\xcolor.sty"
Package: xcolor 2007/01/21 v2.11 LaTeX color extensions (UK)

("C:\Program Files (x86)\MiKTeX 2.9_1\tex\latex\00miktex\color.cfg"
File: color.cfg 2007/01/18 v1.5 color configuration of teTeX/TeXLive
)
Package xcolor Info: Driver file: dvips.def on input line 225.
Package xcolor Info: Model `cmy' substituted by `cmy0' on input line 1337.
Package xcolor Info: Model `RGB' extended on input line 1353.
Package xcolor Info: Model `HTML' substituted by `rgb' on input line 1355.
Package xcolor Info: Model `Hsb' substituted by `hsb' on input line 1356.
Package xcolor Info: Model `tHsb' substituted by `hsb' on input line 1357.
Package xcolor Info: Model `HSB' substituted by `hsb' on input line 1358.
Package xcolor Info: Model `Gray' substituted by `gray' on input line 1359.
Package xcolor Info: Model `wave' substituted by `hsb' on input line 1360.
)
("C:\Program Files (x86)\MiKTeX 2.9_1\tex\latex\pgf\frontendlayer\tikz.sty"
("C:\Program Files (x86)\MiKTeX 2.9_1\tex\latex\pgf\basiclayer\pgf.sty"
("C:\Program Files (x86)\MiKTeX 2.9_1\tex\latex\pgf\utilities\pgfrcs.sty"
("C:\Program Files (x86)\MiKTeX 2.9_1\tex\generic\pgf\utilities\pgfutil-common.
tex"
\pgfutil@everybye=\toks29
\pgfutil@tempdima=\dimen119
\pgfutil@tempdimb=\dimen120

("C:\Program Files (x86)\MiKTeX 2.9_1\tex\generic\pgf\utilities\pgfutil-common-
lists.tex"))
("C:\Program Files (x86)\MiKTeX 2.9_1\tex\generic\pgf\utilities\pgfutil-latex.d
ef"
\pgfutil@abb=\box37
 ("C:\Program Files (x86)\MiKTeX 2.9_1\tex\latex\ms\everyshi.sty"
Package: everyshi 2001/05/15 v3.00 EveryShipout Package (MS)
))
("C:\Program Files (x86)\MiKTeX 2.9_1\tex\generic\pgf\utilities\pgfrcs.code.tex
"
Package: pgfrcs 2013/12/20 v3.0.0 (rcs-revision 1.28)
))
Package: pgf 2013/12/18 v3.0.0 (rcs-revision 1.14)
 ("C:\Program Files (x86)\MiKTeX 2.9_1\tex\latex\pgf\basiclayer\pgfcore.sty" ("
C:\Program Files (x86)\MiKTeX 2.9_1\tex\latex\pgf\systemlayer\pgfsys.sty"
("C:\Program Files (x86)\MiKTeX 2.9_1\tex\generic\pgf\systemlayer\pgfsys.code.t
ex"
Package: pgfsys 2013/11/30 v3.0.0 (rcs-revision 1.47)

("C:\Program Files (x86)\MiKTeX 2.9_1\tex\generic\pgf\utilities\pgfkeys.code.te
x"
\pgfkeys@pathtoks=\toks30
\pgfkeys@temptoks=\toks31

("C:\Program Files (x86)\MiKTeX 2.9_1\tex\generic\pgf\utilities\pgfkeysfiltered
.code.tex"
\pgfkeys@tmptoks=\toks32
))
\pgf@x=\dimen121
\pgf@y=\dimen122
\pgf@xa=\dimen123
\pgf@ya=\dimen124
\pgf@xb=\dimen125
\pgf@yb=\dimen126
\pgf@xc=\dimen127
\pgf@yc=\dimen128
\w@pgf@writea=\write3
\r@pgf@reada=\read1
\c@pgf@counta=\count117
\c@pgf@countb=\count118
\c@pgf@countc=\count119
\c@pgf@countd=\count120
\t@pgf@toka=\toks33
\t@pgf@tokb=\toks34
\t@pgf@tokc=\toks35

("C:\Program Files (x86)\MiKTeX 2.9_1\tex\generic\pgf\systemlayer\pgf.cfg"
File: pgf.cfg 2008/05/14  (rcs-revision 1.7)
)
Driver file for pgf: pgfsys-dvips.def

("C:\Program Files (x86)\MiKTeX 2.9_1\tex\generic\pgf\systemlayer\pgfsys-dvips.
def"
File: pgfsys-dvips.def 2013/07/16  (rcs-revision 1.23)

("C:\Program Files (x86)\MiKTeX 2.9_1\tex\generic\pgf\systemlayer\pgfsys-common
-postscript.def"
File: pgfsys-common-postscript.def 2008/10/01  (rcs-revision 1.22)
\pgf@objectcount=\count121
)))
("C:\Program Files (x86)\MiKTeX 2.9_1\tex\generic\pgf\systemlayer\pgfsyssoftpat
h.code.tex"
File: pgfsyssoftpath.code.tex 2013/09/09  (rcs-revision 1.9)
\pgfsyssoftpath@smallbuffer@items=\count122
\pgfsyssoftpath@bigbuffer@items=\count123
)
("C:\Program Files (x86)\MiKTeX 2.9_1\tex\generic\pgf\systemlayer\pgfsysprotoco
l.code.tex"
File: pgfsysprotocol.code.tex 2006/10/16  (rcs-revision 1.4)
))
("C:\Program Files (x86)\MiKTeX 2.9_1\tex\generic\pgf\basiclayer\pgfcore.code.t
ex"
Package: pgfcore 2010/04/11 v3.0.0 (rcs-revision 1.7)
 ("C:\Program Files (x86)\MiKTeX 2.9_1\tex\generic\pgf\math\pgfmath.code.tex"
("C:\Program Files (x86)\MiKTeX 2.9_1\tex\generic\pgf\math\pgfmathcalc.code.tex
"
("C:\Program Files (x86)\MiKTeX 2.9_1\tex\generic\pgf\math\pgfmathutil.code.tex
")
("C:\Program Files (x86)\MiKTeX 2.9_1\tex\generic\pgf\math\pgfmathparser.code.t
ex"
\pgfmath@dimen=\dimen129
\pgfmath@count=\count124
\pgfmath@box=\box38
\pgfmath@toks=\toks36
\pgfmath@stack@operand=\toks37
\pgfmath@stack@operation=\toks38
)
("C:\Program Files (x86)\MiKTeX 2.9_1\tex\generic\pgf\math\pgfmathfunctions.cod
e.tex"
("C:\Program Files (x86)\MiKTeX 2.9_1\tex\generic\pgf\math\pgfmathfunctions.bas
ic.code.tex")
("C:\Program Files (x86)\MiKTeX 2.9_1\tex\generic\pgf\math\pgfmathfunctions.tri
gonometric.code.tex")
("C:\Program Files (x86)\MiKTeX 2.9_1\tex\generic\pgf\math\pgfmathfunctions.ran
dom.code.tex")
("C:\Program Files (x86)\MiKTeX 2.9_1\tex\generic\pgf\math\pgfmathfunctions.com
parison.code.tex")
("C:\Program Files (x86)\MiKTeX 2.9_1\tex\generic\pgf\math\pgfmathfunctions.bas
e.code.tex")
("C:\Program Files (x86)\MiKTeX 2.9_1\tex\generic\pgf\math\pgfmathfunctions.rou
nd.code.tex")
("C:\Program Files (x86)\MiKTeX 2.9_1\tex\generic\pgf\math\pgfmathfunctions.mis
c.code.tex")
("C:\Program Files (x86)\MiKTeX 2.9_1\tex\generic\pgf\math\pgfmathfunctions.int
egerarithmetics.code.tex")))
("C:\Program Files (x86)\MiKTeX 2.9_1\tex\generic\pgf\math\pgfmathfloat.code.te
x"
\c@pgfmathroundto@lastzeros=\count125
))
("C:\Program Files (x86)\MiKTeX 2.9_1\tex\generic\pgf\basiclayer\pgfcorepoints.
code.tex"
File: pgfcorepoints.code.tex 2013/10/07  (rcs-revision 1.27)
\pgf@picminx=\dimen130
\pgf@picmaxx=\dimen131
\pgf@picminy=\dimen132
\pgf@picmaxy=\dimen133
\pgf@pathminx=\dimen134
\pgf@pathmaxx=\dimen135
\pgf@pathminy=\dimen136
\pgf@pathmaxy=\dimen137
\pgf@xx=\dimen138
\pgf@xy=\dimen139
\pgf@yx=\dimen140
\pgf@yy=\dimen141
\pgf@zx=\dimen142
\pgf@zy=\dimen143
)
("C:\Program Files (x86)\MiKTeX 2.9_1\tex\generic\pgf\basiclayer\pgfcorepathcon
struct.code.tex"
File: pgfcorepathconstruct.code.tex 2013/10/07  (rcs-revision 1.29)
\pgf@path@lastx=\dimen144
\pgf@path@lasty=\dimen145
)
("C:\Program Files (x86)\MiKTeX 2.9_1\tex\generic\pgf\basiclayer\pgfcorepathusa
ge.code.tex"
File: pgfcorepathusage.code.tex 2013/12/13  (rcs-revision 1.23)
\pgf@shorten@end@additional=\dimen146
\pgf@shorten@start@additional=\dimen147
)
("C:\Program Files (x86)\MiKTeX 2.9_1\tex\generic\pgf\basiclayer\pgfcorescopes.
code.tex"
File: pgfcorescopes.code.tex 2013/10/09  (rcs-revision 1.44)
\pgfpic=\box39
\pgf@hbox=\box40
\pgf@layerbox@main=\box41
\pgf@picture@serial@count=\count126
)
("C:\Program Files (x86)\MiKTeX 2.9_1\tex\generic\pgf\basiclayer\pgfcoregraphic
state.code.tex"
File: pgfcoregraphicstate.code.tex 2013/09/19  (rcs-revision 1.11)
\pgflinewidth=\dimen148
)
("C:\Program Files (x86)\MiKTeX 2.9_1\tex\generic\pgf\basiclayer\pgfcoretransfo
rmations.code.tex"
File: pgfcoretransformations.code.tex 2013/10/10  (rcs-revision 1.17)
\pgf@pt@x=\dimen149
\pgf@pt@y=\dimen150
\pgf@pt@temp=\dimen151
)
("C:\Program Files (x86)\MiKTeX 2.9_1\tex\generic\pgf\basiclayer\pgfcorequick.c
ode.tex"
File: pgfcorequick.code.tex 2008/10/09  (rcs-revision 1.3)
)
("C:\Program Files (x86)\MiKTeX 2.9_1\tex\generic\pgf\basiclayer\pgfcoreobjects
.code.tex"
File: pgfcoreobjects.code.tex 2006/10/11  (rcs-revision 1.2)
)
("C:\Program Files (x86)\MiKTeX 2.9_1\tex\generic\pgf\basiclayer\pgfcorepathpro
cessing.code.tex"
File: pgfcorepathprocessing.code.tex 2013/09/09  (rcs-revision 1.9)
)
("C:\Program Files (x86)\MiKTeX 2.9_1\tex\generic\pgf\basiclayer\pgfcorearrows.
code.tex"
File: pgfcorearrows.code.tex 2013/11/07  (rcs-revision 1.40)
\pgfarrowsep=\dimen152
)
("C:\Program Files (x86)\MiKTeX 2.9_1\tex\generic\pgf\basiclayer\pgfcoreshade.c
ode.tex"
File: pgfcoreshade.code.tex 2013/07/15  (rcs-revision 1.15)
\pgf@max=\dimen153
\pgf@sys@shading@range@num=\count127
)
("C:\Program Files (x86)\MiKTeX 2.9_1\tex\generic\pgf\basiclayer\pgfcoreimage.c
ode.tex"
File: pgfcoreimage.code.tex 2013/07/15  (rcs-revision 1.18)

("C:\Program Files (x86)\MiKTeX 2.9_1\tex\generic\pgf\basiclayer\pgfcoreexterna
l.code.tex"
File: pgfcoreexternal.code.tex 2013/07/15  (rcs-revision 1.20)
\pgfexternal@startupbox=\box42
))
("C:\Program Files (x86)\MiKTeX 2.9_1\tex\generic\pgf\basiclayer\pgfcorelayers.
code.tex"
File: pgfcorelayers.code.tex 2013/07/18  (rcs-revision 1.7)
)
("C:\Program Files (x86)\MiKTeX 2.9_1\tex\generic\pgf\basiclayer\pgfcoretranspa
rency.code.tex"
File: pgfcoretransparency.code.tex 2013/09/30  (rcs-revision 1.5)
)
("C:\Program Files (x86)\MiKTeX 2.9_1\tex\generic\pgf\basiclayer\pgfcorepattern
s.code.tex"
File: pgfcorepatterns.code.tex 2013/11/07  (rcs-revision 1.5)
)))
("C:\Program Files (x86)\MiKTeX 2.9_1\tex\generic\pgf\modules\pgfmoduleshapes.c
ode.tex"
File: pgfmoduleshapes.code.tex 2013/10/31  (rcs-revision 1.34)
\pgfnodeparttextbox=\box43
)
("C:\Program Files (x86)\MiKTeX 2.9_1\tex\generic\pgf\modules\pgfmoduleplot.cod
e.tex"
File: pgfmoduleplot.code.tex 2013/07/31  (rcs-revision 1.12)
)
("C:\Program Files (x86)\MiKTeX 2.9_1\tex\latex\pgf\compatibility\pgfcomp-versi
on-0-65.sty"
Package: pgfcomp-version-0-65 2007/07/03 v3.0.0 (rcs-revision 1.7)
\pgf@nodesepstart=\dimen154
\pgf@nodesepend=\dimen155
)
("C:\Program Files (x86)\MiKTeX 2.9_1\tex\latex\pgf\compatibility\pgfcomp-versi
on-1-18.sty"
Package: pgfcomp-version-1-18 2007/07/23 v3.0.0 (rcs-revision 1.1)
))
("C:\Program Files (x86)\MiKTeX 2.9_1\tex\latex\pgf\utilities\pgffor.sty"
("C:\Program Files (x86)\MiKTeX 2.9_1\tex\latex\pgf\utilities\pgfkeys.sty"
("C:\Program Files (x86)\MiKTeX 2.9_1\tex\generic\pgf\utilities\pgfkeys.code.te
x")) ("C:\Program Files (x86)\MiKTeX 2.9_1\tex\latex\pgf\math\pgfmath.sty"
("C:\Program Files (x86)\MiKTeX 2.9_1\tex\generic\pgf\math\pgfmath.code.tex"))
("C:\Program Files (x86)\MiKTeX 2.9_1\tex\generic\pgf\utilities\pgffor.code.tex
"
Package: pgffor 2013/12/13 v3.0.0 (rcs-revision 1.25)
 ("C:\Program Files (x86)\MiKTeX 2.9_1\tex\generic\pgf\math\pgfmath.code.tex")
\pgffor@iter=\dimen156
\pgffor@skip=\dimen157
\pgffor@stack=\toks39
\pgffor@toks=\toks40
))
("C:\Program Files (x86)\MiKTeX 2.9_1\tex\generic\pgf\frontendlayer\tikz\tikz.c
ode.tex"
Package: tikz 2013/12/13 v3.0.0 (rcs-revision 1.142)

("C:\Program Files (x86)\MiKTeX 2.9_1\tex\generic\pgf\libraries\pgflibraryploth
andlers.code.tex"
File: pgflibraryplothandlers.code.tex 2013/08/31 v3.0.0 (rcs-revision 1.20)
\pgf@plot@mark@count=\count128
\pgfplotmarksize=\dimen158
)
\tikz@lastx=\dimen159
\tikz@lasty=\dimen160
\tikz@lastxsaved=\dimen161
\tikz@lastysaved=\dimen162
\tikzleveldistance=\dimen163
\tikzsiblingdistance=\dimen164
\tikz@figbox=\box44
\tikz@figbox@bg=\box45
\tikz@tempbox=\box46
\tikz@tempbox@bg=\box47
\tikztreelevel=\count129
\tikznumberofchildren=\count130
\tikznumberofcurrentchild=\count131
\tikz@fig@count=\count132

("C:\Program Files (x86)\MiKTeX 2.9_1\tex\generic\pgf\modules\pgfmodulematrix.c
ode.tex"
File: pgfmodulematrix.code.tex 2013/09/17  (rcs-revision 1.8)
\pgfmatrixcurrentrow=\count133
\pgfmatrixcurrentcolumn=\count134
\pgf@matrix@numberofcolumns=\count135
)
\tikz@expandcount=\count136

("C:\Program Files (x86)\MiKTeX 2.9_1\tex\generic\pgf\frontendlayer\tikz\librar
ies\tikzlibrarytopaths.code.tex"
File: tikzlibrarytopaths.code.tex 2008/06/17 v3.0.0 (rcs-revision 1.2)
)))
("C:\Program Files (x86)\MiKTeX 2.9_1\tex\generic\pgf\frontendlayer\tikz\librar
ies\tikzlibrarypositioning.code.tex"
File: tikzlibrarypositioning.code.tex 2008/10/06 v3.0.0 (rcs-revision 1.7)
)
("C:\Program Files (x86)\MiKTeX 2.9_1\tex\latex\tools\calc.sty"
Package: calc 2007/08/22 v4.3 Infix arithmetic (KKT,FJ)
\calc@Acount=\count137
\calc@Bcount=\count138
\calc@Adimen=\dimen165
\calc@Bdimen=\dimen166
\calc@Askip=\skip51
\calc@Bskip=\skip52
LaTeX Info: Redefining \setlength on input line 76.
LaTeX Info: Redefining \addtolength on input line 77.
\calc@Ccount=\count139
\calc@Cskip=\skip53
)
\c@@todonotes@numberoftodonotes=\count140
)
("C:\Program Files (x86)\MiKTeX 2.9_1\tex\latex\base\inputenc.sty"
Package: inputenc 2008/03/30 v1.1d Input encoding file
\inpenc@prehook=\toks41
\inpenc@posthook=\toks42

("C:\Program Files (x86)\MiKTeX 2.9_1\tex\latex\base\utf8.def"
File: utf8.def 2008/04/05 v1.1m UTF-8 support for inputenc
Now handling font encoding OML ...
... no UTF-8 mapping file for font encoding OML
Now handling font encoding T1 ...
... processing UTF-8 mapping file for font encoding T1

("C:\Program Files (x86)\MiKTeX 2.9_1\tex\latex\base\t1enc.dfu"
File: t1enc.dfu 2008/04/05 v1.1m UTF-8 support for inputenc
   defining Unicode char U+00A1 (decimal 161)
   defining Unicode char U+00A3 (decimal 163)
   defining Unicode char U+00AB (decimal 171)
   defining Unicode char U+00BB (decimal 187)
   defining Unicode char U+00BF (decimal 191)
   defining Unicode char U+00C0 (decimal 192)
   defining Unicode char U+00C1 (decimal 193)
   defining Unicode char U+00C2 (decimal 194)
   defining Unicode char U+00C3 (decimal 195)
   defining Unicode char U+00C4 (decimal 196)
   defining Unicode char U+00C5 (decimal 197)
   defining Unicode char U+00C6 (decimal 198)
   defining Unicode char U+00C7 (decimal 199)
   defining Unicode char U+00C8 (decimal 200)
   defining Unicode char U+00C9 (decimal 201)
   defining Unicode char U+00CA (decimal 202)
   defining Unicode char U+00CB (decimal 203)
   defining Unicode char U+00CC (decimal 204)
   defining Unicode char U+00CD (decimal 205)
   defining Unicode char U+00CE (decimal 206)
   defining Unicode char U+00CF (decimal 207)
   defining Unicode char U+00D0 (decimal 208)
   defining Unicode char U+00D1 (decimal 209)
   defining Unicode char U+00D2 (decimal 210)
   defining Unicode char U+00D3 (decimal 211)
   defining Unicode char U+00D4 (decimal 212)
   defining Unicode char U+00D5 (decimal 213)
   defining Unicode char U+00D6 (decimal 214)
   defining Unicode char U+00D8 (decimal 216)
   defining Unicode char U+00D9 (decimal 217)
   defining Unicode char U+00DA (decimal 218)
   defining Unicode char U+00DB (decimal 219)
   defining Unicode char U+00DC (decimal 220)
   defining Unicode char U+00DD (decimal 221)
   defining Unicode char U+00DE (decimal 222)
   defining Unicode char U+00DF (decimal 223)
   defining Unicode char U+00E0 (decimal 224)
   defining Unicode char U+00E1 (decimal 225)
   defining Unicode char U+00E2 (decimal 226)
   defining Unicode char U+00E3 (decimal 227)
   defining Unicode char U+00E4 (decimal 228)
   defining Unicode char U+00E5 (decimal 229)
   defining Unicode char U+00E6 (decimal 230)
   defining Unicode char U+00E7 (decimal 231)
   defining Unicode char U+00E8 (decimal 232)
   defining Unicode char U+00E9 (decimal 233)
   defining Unicode char U+00EA (decimal 234)
   defining Unicode char U+00EB (decimal 235)
   defining Unicode char U+00EC (decimal 236)
   defining Unicode char U+00ED (decimal 237)
   defining Unicode char U+00EE (decimal 238)
   defining Unicode char U+00EF (decimal 239)
   defining Unicode char U+00F0 (decimal 240)
   defining Unicode char U+00F1 (decimal 241)
   defining Unicode char U+00F2 (decimal 242)
   defining Unicode char U+00F3 (decimal 243)
   defining Unicode char U+00F4 (decimal 244)
   defining Unicode char U+00F5 (decimal 245)
   defining Unicode char U+00F6 (decimal 246)
   defining Unicode char U+00F8 (decimal 248)
   defining Unicode char U+00F9 (decimal 249)
   defining Unicode char U+00FA (decimal 250)
   defining Unicode char U+00FB (decimal 251)
   defining Unicode char U+00FC (decimal 252)
   defining Unicode char U+00FD (decimal 253)
   defining Unicode char U+00FE (decimal 254)
   defining Unicode char U+00FF (decimal 255)
   defining Unicode char U+0102 (decimal 258)
   defining Unicode char U+0103 (decimal 259)
   defining Unicode char U+0104 (decimal 260)
   defining Unicode char U+0105 (decimal 261)
   defining Unicode char U+0106 (decimal 262)
   defining Unicode char U+0107 (decimal 263)
   defining Unicode char U+010C (decimal 268)
   defining Unicode char U+010D (decimal 269)
   defining Unicode char U+010E (decimal 270)
   defining Unicode char U+010F (decimal 271)
   defining Unicode char U+0110 (decimal 272)
   defining Unicode char U+0111 (decimal 273)
   defining Unicode char U+0118 (decimal 280)
   defining Unicode char U+0119 (decimal 281)
   defining Unicode char U+011A (decimal 282)
   defining Unicode char U+011B (decimal 283)
   defining Unicode char U+011E (decimal 286)
   defining Unicode char U+011F (decimal 287)
   defining Unicode char U+0130 (decimal 304)
   defining Unicode char U+0131 (decimal 305)
   defining Unicode char U+0132 (decimal 306)
   defining Unicode char U+0133 (decimal 307)
   defining Unicode char U+0139 (decimal 313)
   defining Unicode char U+013A (decimal 314)
   defining Unicode char U+013D (decimal 317)
   defining Unicode char U+013E (decimal 318)
   defining Unicode char U+0141 (decimal 321)
   defining Unicode char U+0142 (decimal 322)
   defining Unicode char U+0143 (decimal 323)
   defining Unicode char U+0144 (decimal 324)
   defining Unicode char U+0147 (decimal 327)
   defining Unicode char U+0148 (decimal 328)
   defining Unicode char U+014A (decimal 330)
   defining Unicode char U+014B (decimal 331)
   defining Unicode char U+0150 (decimal 336)
   defining Unicode char U+0151 (decimal 337)
   defining Unicode char U+0152 (decimal 338)
   defining Unicode char U+0153 (decimal 339)
   defining Unicode char U+0154 (decimal 340)
   defining Unicode char U+0155 (decimal 341)
   defining Unicode char U+0158 (decimal 344)
   defining Unicode char U+0159 (decimal 345)
   defining Unicode char U+015A (decimal 346)
   defining Unicode char U+015B (decimal 347)
   defining Unicode char U+015E (decimal 350)
   defining Unicode char U+015F (decimal 351)
   defining Unicode char U+0160 (decimal 352)
   defining Unicode char U+0161 (decimal 353)
   defining Unicode char U+0162 (decimal 354)
   defining Unicode char U+0163 (decimal 355)
   defining Unicode char U+0164 (decimal 356)
   defining Unicode char U+0165 (decimal 357)
   defining Unicode char U+016E (decimal 366)
   defining Unicode char U+016F (decimal 367)
   defining Unicode char U+0170 (decimal 368)
   defining Unicode char U+0171 (decimal 369)
   defining Unicode char U+0178 (decimal 376)
   defining Unicode char U+0179 (decimal 377)
   defining Unicode char U+017A (decimal 378)
   defining Unicode char U+017B (decimal 379)
   defining Unicode char U+017C (decimal 380)
   defining Unicode char U+017D (decimal 381)
   defining Unicode char U+017E (decimal 382)
   defining Unicode char U+200C (decimal 8204)
   defining Unicode char U+2013 (decimal 8211)
   defining Unicode char U+2014 (decimal 8212)
   defining Unicode char U+2018 (decimal 8216)
   defining Unicode char U+2019 (decimal 8217)
   defining Unicode char U+201A (decimal 8218)
   defining Unicode char U+201C (decimal 8220)
   defining Unicode char U+201D (decimal 8221)
   defining Unicode char U+201E (decimal 8222)
   defining Unicode char U+2030 (decimal 8240)
   defining Unicode char U+2031 (decimal 8241)
   defining Unicode char U+2039 (decimal 8249)
   defining Unicode char U+203A (decimal 8250)
   defining Unicode char U+2423 (decimal 9251)
)
Now handling font encoding OT1 ...
... processing UTF-8 mapping file for font encoding OT1

("C:\Program Files (x86)\MiKTeX 2.9_1\tex\latex\base\ot1enc.dfu"
File: ot1enc.dfu 2008/04/05 v1.1m UTF-8 support for inputenc
   defining Unicode char U+00A1 (decimal 161)
   defining Unicode char U+00A3 (decimal 163)
   defining Unicode char U+00B8 (decimal 184)
   defining Unicode char U+00BF (decimal 191)
   defining Unicode char U+00C5 (decimal 197)
   defining Unicode char U+00C6 (decimal 198)
   defining Unicode char U+00D8 (decimal 216)
   defining Unicode char U+00DF (decimal 223)
   defining Unicode char U+00E6 (decimal 230)
   defining Unicode char U+00EC (decimal 236)
   defining Unicode char U+00ED (decimal 237)
   defining Unicode char U+00EE (decimal 238)
   defining Unicode char U+00EF (decimal 239)
   defining Unicode char U+00F8 (decimal 248)
   defining Unicode char U+0131 (decimal 305)
   defining Unicode char U+0141 (decimal 321)
   defining Unicode char U+0142 (decimal 322)
   defining Unicode char U+0152 (decimal 338)
   defining Unicode char U+0153 (decimal 339)
   defining Unicode char U+2013 (decimal 8211)
   defining Unicode char U+2014 (decimal 8212)
   defining Unicode char U+2018 (decimal 8216)
   defining Unicode char U+2019 (decimal 8217)
   defining Unicode char U+201C (decimal 8220)
   defining Unicode char U+201D (decimal 8221)
)
Now handling font encoding OMS ...
... processing UTF-8 mapping file for font encoding OMS

("C:\Program Files (x86)\MiKTeX 2.9_1\tex\latex\base\omsenc.dfu"
File: omsenc.dfu 2008/04/05 v1.1m UTF-8 support for inputenc
   defining Unicode char U+00A7 (decimal 167)
   defining Unicode char U+00B6 (decimal 182)
   defining Unicode char U+00B7 (decimal 183)
   defining Unicode char U+2020 (decimal 8224)
   defining Unicode char U+2021 (decimal 8225)
   defining Unicode char U+2022 (decimal 8226)
)
Now handling font encoding OMX ...
... no UTF-8 mapping file for font encoding OMX
Now handling font encoding U ...
... no UTF-8 mapping file for font encoding U
Now handling font encoding PD1 ...
... no UTF-8 mapping file for font encoding PD1
   defining Unicode char U+00A9 (decimal 169)
   defining Unicode char U+00AA (decimal 170)
   defining Unicode char U+00AE (decimal 174)
   defining Unicode char U+00BA (decimal 186)
   defining Unicode char U+02C6 (decimal 710)
   defining Unicode char U+02DC (decimal 732)
   defining Unicode char U+200C (decimal 8204)
   defining Unicode char U+2026 (decimal 8230)
   defining Unicode char U+2122 (decimal 8482)
   defining Unicode char U+2423 (decimal 9251)
))
("C:\Program Files (x86)\MiKTeX 2.9_1\tex\latex\base\fontenc.sty"
Package: fontenc 2005/09/27 v1.99g Standard LaTeX package

("C:\Program Files (x86)\MiKTeX 2.9_1\tex\latex\base\t1enc.def"
File: t1enc.def 2005/09/27 v1.99g Standard LaTeX file
LaTeX Font Info:    Redeclaring font encoding T1 on input line 43.
))
("D:\Claudinho\OneDrive\Educação\Mestrado\Artigos\Liberação de Fármaco\ga_
droga_domingos\drug_release.aux")
LaTeX Font Info:    Checking defaults for OML/cmm/m/it on input line 71.
LaTeX Font Info:    ... okay on input line 71.
LaTeX Font Info:    Checking defaults for T1/cmr/m/n on input line 71.
LaTeX Font Info:    ... okay on input line 71.
LaTeX Font Info:    Checking defaults for OT1/cmr/m/n on input line 71.
LaTeX Font Info:    ... okay on input line 71.
LaTeX Font Info:    Checking defaults for OMS/cmsy/m/n on input line 71.
LaTeX Font Info:    ... okay on input line 71.
LaTeX Font Info:    Checking defaults for OMX/cmex/m/n on input line 71.
LaTeX Font Info:    ... okay on input line 71.
LaTeX Font Info:    Checking defaults for U/cmr/m/n on input line 71.
LaTeX Font Info:    ... okay on input line 71.
LaTeX Font Info:    Checking defaults for PD1/pdf/m/n on input line 71.
LaTeX Font Info:    ... okay on input line 71.
Class revtex4 Info: Patching array package. on input line 71.
Class revtex4 Info: cite was not loaded (OK!) on input line 71.
Class revtex4 Info: multicol was not loaded (OK!) on input line 71.
\AtBeginShipoutBox=\box48


Package hyperref Warning: Height of page (\paperheight) is invalid (0.0pt),
(hyperref)                using 11in.

Package hyperref Info: Link coloring ON on input line 71.
("C:\Program Files (x86)\MiKTeX 2.9_1\tex\latex\hyperref\nameref.sty"
Package: nameref 2012/10/27 v2.43 Cross-referencing by name of section

("C:\Program Files (x86)\MiKTeX 2.9_1\tex\generic\oberdiek\gettitlestring.sty"
Package: gettitlestring 2010/12/03 v1.4 Cleanup title references (HO)
)
\c@section@level=\count141
)
LaTeX Info: Redefining \ref on input line 71.
LaTeX Info: Redefining \pageref on input line 71.
LaTeX Info: Redefining \nameref on input line 71.

("D:\Claudinho\OneDrive\Educação\Mestrado\Artigos\Liberação de Fármaco\ga_
droga_domingos\drug_release.out")
("D:\Claudinho\OneDrive\Educação\Mestrado\Artigos\Liberação de Fármaco\ga_
droga_domingos\drug_release.out")
\@outlinefile=\write4
 ABD: EveryShipout initializing macros
LaTeX Font Info:    Try loading font information for U+msa on input line 130.

("C:\Program Files (x86)\MiKTeX 2.9_1\tex\latex\amsfonts\umsa.fd"
File: umsa.fd 2013/01/14 v3.01 AMS symbols A
)
LaTeX Font Info:    Try loading font information for U+msb on input line 130.

("C:\Program Files (x86)\MiKTeX 2.9_1\tex\latex\amsfonts\umsb.fd"
File: umsb.fd 2013/01/14 v3.01 AMS symbols B
)

Class revtex4 Warning: If you want your PACS to appear in your output, use docu
ment class option showpacs.

[1] [2]
! Argument of \@citex has an extra }.
<inserted text> 
                \par 
l.142 ...sulation techniques (\cite{Siepmann2001b}
                                                   and references
I've run across a `}' that doesn't seem to match anything.
For example, `\def\a#1{...}' and `\a}' would produce
this error. If you simply proceed now, the `\par' that
I've just inserted will cause me to report a runaway
argument that might be the root of the problem. But if
your `}' was spurious, just type `2' and it will go away.

Runaway argument?
]##1 ${}\def \reserved@b {o}\ifcat _\expandafter \reserved@a \meaning \ETC.
! Paragraph ended before \@citex was complete.
<to be read again> 
                   \par 
l.142 ...sulation techniques (\cite{Siepmann2001b}
                                                   and references
I suspect you've forgotten a `}', causing me to apply this
control sequence to too much text. How can we recover?
My plan is to forget the whole thing and hope for the best.

Runaway argument?
{{Siepmann and G\protect \GenericError  {(inputenc) }{Package inputen\ETC.
! Paragraph ended before \NAT@split was complete.
<to be read again> 
                   \par 
l.142 ...sulation techniques (\cite{Siepmann2001b}
                                                   and references
I suspect you've forgotten a `}', causing me to apply this
control sequence to too much text. How can we recover?
My plan is to forget the whole thing and hope for the best.

! Extra }, or forgotten \endgroup.
\NAT@temp ...provide a definition with \def \par }
                                                  pferich}}{{}}
l.142 ...sulation techniques (\cite{Siepmann2001b}
                                                   and references
I've deleted a group-closing symbol because it seems to be
spurious, as in `$x}$'. But perhaps the } is legitimate and
you forgot something else, as in `\hbox{$x}'. In such cases
the way to recover is to insert both the forgotten and the
deleted material, e.g., by typing `I$}'.

! Extra }, or forgotten \endgroup.
\NAT@temp ...a definition with \def \par }pferich}
                                                  }{{}}
l.142 ...sulation techniques (\cite{Siepmann2001b}
                                                   and references
I've deleted a group-closing symbol because it seems to be
spurious, as in `$x}$'. But perhaps the } is legitimate and
you forgot something else, as in `\hbox{$x}'. In such cases
the way to recover is to insert both the forgotten and the
deleted material, e.g., by typing `I$}'.

! Extra }, or forgotten \endgroup.
\NAT@temp ... definition with \def \par }pferich}}
                                                  {{}}
l.142 ...sulation techniques (\cite{Siepmann2001b}
                                                   and references
I've deleted a group-closing symbol because it seems to be
spurious, as in `$x}$'. But perhaps the } is legitimate and
you forgot something else, as in `\hbox{$x}'. In such cases
the way to recover is to insert both the forgotten and the
deleted material, e.g., by typing `I$}'.

! Argument of \@citex has an extra }.
<inserted text> 
                \par 
l.142 ...sulation techniques (\cite{Siepmann2001b}
                                                   and references
I've run across a `}' that doesn't seem to match anything.
For example, `\def\a#1{...}' and `\a}' would produce
this error. If you simply proceed now, the `\par' that
I've just inserted will cause me to report a runaway
argument that might be the root of the problem. But if
your `}' was spurious, just type `2' and it will go away.

Runaway argument?
]##1 ${}\def \reserved@b {o}\ifcat _\expandafter \reserved@a \meaning \ETC.
! Paragraph ended before \@citex was complete.
<to be read again> 
                   \par 
l.142 ...sulation techniques (\cite{Siepmann2001b}
                                                   and references
I suspect you've forgotten a `}', causing me to apply this
control sequence to too much text. How can we recover?
My plan is to forget the whole thing and hope for the best.

Runaway argument?
{{Siepmann and G\protect \GenericError  {(inputenc) }{Package inputen\ETC.
! Paragraph ended before \NAT@split was complete.
<to be read again> 
                   \par 
l.142 ...sulation techniques (\cite{Siepmann2001b}
                                                   and references
I suspect you've forgotten a `}', causing me to apply this
control sequence to too much text. How can we recover?
My plan is to forget the whole thing and hope for the best.

! Extra }, or forgotten \endgroup.
\NAT@temp ...provide a definition with \def \par }
                                                  pferich}}{{}}
l.142 ...sulation techniques (\cite{Siepmann2001b}
                                                   and references
I've deleted a group-closing symbol because it seems to be
spurious, as in `$x}$'. But perhaps the } is legitimate and
you forgot something else, as in `\hbox{$x}'. In such cases
the way to recover is to insert both the forgotten and the
deleted material, e.g., by typing `I$}'.

! Extra }, or forgotten \endgroup.
\NAT@temp ...a definition with \def \par }pferich}
                                                  }{{}}
l.142 ...sulation techniques (\cite{Siepmann2001b}
                                                   and references
I've deleted a group-closing symbol because it seems to be
spurious, as in `$x}$'. But perhaps the } is legitimate and
you forgot something else, as in `\hbox{$x}'. In such cases
the way to recover is to insert both the forgotten and the
deleted material, e.g., by typing `I$}'.

! Extra }, or forgotten \endgroup.
\NAT@temp ... definition with \def \par }pferich}}
                                                  {{}}
l.142 ...sulation techniques (\cite{Siepmann2001b}
                                                   and references
I've deleted a group-closing symbol because it seems to be
spurious, as in `$x}$'. But perhaps the } is legitimate and
you forgot something else, as in `\hbox{$x}'. In such cases
the way to recover is to insert both the forgotten and the
deleted material, e.g., by typing `I$}'.

! Argument of \@citex has an extra }.
<inserted text> 
                \par 
l.183 ... matrix~\cite{Siepmann2001,Siepmann2001b}
                                                  .
I've run across a `}' that doesn't seem to match anything.
For example, `\def\a#1{...}' and `\a}' would produce
this error. If you simply proceed now, the `\par' that
I've just inserted will cause me to report a runaway
argument that might be the root of the problem. But if
your `}' was spurious, just type `2' and it will go away.

Runaway argument?
]##1 ${}\def \reserved@b {o}\ifcat _\expandafter \reserved@a \meaning \ETC.
! Paragraph ended before \@citex was complete.
<to be read again> 
                   \par 
l.183 ... matrix~\cite{Siepmann2001,Siepmann2001b}
                                                  .
I suspect you've forgotten a `}', causing me to apply this
control sequence to too much text. How can we recover?
My plan is to forget the whole thing and hope for the best.

Runaway argument?
{{Siepmann and G\protect \GenericError  {(inputenc) }{Package inputen\ETC.
! Paragraph ended before \NAT@split was complete.
<to be read again> 
                   \par 
l.183 ... matrix~\cite{Siepmann2001,Siepmann2001b}
                                                  .
I suspect you've forgotten a `}', causing me to apply this
control sequence to too much text. How can we recover?
My plan is to forget the whole thing and hope for the best.

[3]
! Extra }, or forgotten \endgroup.
\NAT@temp ...provide a definition with \def \par }
                                                  pferich}}{{}}
l.183 ... matrix~\cite{Siepmann2001,Siepmann2001b}
                                                  .
I've deleted a group-closing symbol because it seems to be
spurious, as in `$x}$'. But perhaps the } is legitimate and
you forgot something else, as in `\hbox{$x}'. In such cases
the way to recover is to insert both the forgotten and the
deleted material, e.g., by typing `I$}'.

! Extra }, or forgotten \endgroup.
\NAT@temp ...a definition with \def \par }pferich}
                                                  }{{}}
l.183 ... matrix~\cite{Siepmann2001,Siepmann2001b}
                                                  .
I've deleted a group-closing symbol because it seems to be
spurious, as in `$x}$'. But perhaps the } is legitimate and
you forgot something else, as in `\hbox{$x}'. In such cases
the way to recover is to insert both the forgotten and the
deleted material, e.g., by typing `I$}'.

! Extra }, or forgotten \endgroup.
\NAT@temp ... definition with \def \par }pferich}}
                                                  {{}}
l.183 ... matrix~\cite{Siepmann2001,Siepmann2001b}
                                                  .
I've deleted a group-closing symbol because it seems to be
spurious, as in `$x}$'. But perhaps the } is legitimate and
you forgot something else, as in `\hbox{$x}'. In such cases
the way to recover is to insert both the forgotten and the
deleted material, e.g., by typing `I$}'.

! Argument of \@citex has an extra }.
<inserted text> 
                \par 
l.183 ... matrix~\cite{Siepmann2001,Siepmann2001b}
                                                  .
I've run across a `}' that doesn't seem to match anything.
For example, `\def\a#1{...}' and `\a}' would produce
this error. If you simply proceed now, the `\par' that
I've just inserted will cause me to report a runaway
argument that might be the root of the problem. But if
your `}' was spurious, just type `2' and it will go away.

Runaway argument?
]##1 ${}\def \reserved@b {o}\ifcat _\expandafter \reserved@a \meaning \ETC.
! Paragraph ended before \@citex was complete.
<to be read again> 
                   \par 
l.183 ... matrix~\cite{Siepmann2001,Siepmann2001b}
                                                  .
I suspect you've forgotten a `}', causing me to apply this
control sequence to too much text. How can we recover?
My plan is to forget the whole thing and hope for the best.

Runaway argument?
{{Siepmann and G\protect \GenericError  {(inputenc) }{Package inputen\ETC.
! Paragraph ended before \NAT@split was complete.
<to be read again> 
                   \par 
l.183 ... matrix~\cite{Siepmann2001,Siepmann2001b}
                                                  .
I suspect you've forgotten a `}', causing me to apply this
control sequence to too much text. How can we recover?
My plan is to forget the whole thing and hope for the best.

! Extra }, or forgotten \endgroup.
\NAT@temp ...provide a definition with \def \par }
                                                  pferich}}{{}}
l.183 ... matrix~\cite{Siepmann2001,Siepmann2001b}
                                                  .
I've deleted a group-closing symbol because it seems to be
spurious, as in `$x}$'. But perhaps the } is legitimate and
you forgot something else, as in `\hbox{$x}'. In such cases
the way to recover is to insert both the forgotten and the
deleted material, e.g., by typing `I$}'.

! Extra }, or forgotten \endgroup.
\NAT@temp ...a definition with \def \par }pferich}
                                                  }{{}}
l.183 ... matrix~\cite{Siepmann2001,Siepmann2001b}
                                                  .
I've deleted a group-closing symbol because it seems to be
spurious, as in `$x}$'. But perhaps the } is legitimate and
you forgot something else, as in `\hbox{$x}'. In such cases
the way to recover is to insert both the forgotten and the
deleted material, e.g., by typing `I$}'.

! Extra }, or forgotten \endgroup.
\NAT@temp ... definition with \def \par }pferich}}
                                                  {{}}
l.183 ... matrix~\cite{Siepmann2001,Siepmann2001b}
                                                  .
I've deleted a group-closing symbol because it seems to be
spurious, as in `$x}$'. But perhaps the } is legitimate and
you forgot something else, as in `\hbox{$x}'. In such cases
the way to recover is to insert both the forgotten and the
deleted material, e.g., by typing `I$}'.

[4] [5] [6] [7] [8] [9]
LaTeX Font Info:    Try loading font information for OMS+cmr on input line 431.


("C:\Program Files (x86)\MiKTeX 2.9_1\tex\latex\base\omscmr.fd"
File: omscmr.fd 1999/05/25 v2.5h Standard LaTeX font definitions
)
LaTeX Font Info:    Font shape `OMS/cmr/m/n' in size <12> not available
(Font)              Font shape `OMS/cmsy/m/n' tried instead on input line 431.
Package hyperref Info: bookmark level for unknown todo defaults to 0 on input l
ine 488.
 [10]
Overfull \hbox (2.0pt too wide) in paragraph at lines 488--489
[]
 []


Underfull \hbox (badness 10000) in paragraph at lines 488--489

 []

[11]
("D:\Claudinho\OneDrive\Educação\Mestrado\Artigos\Liberação de Fármaco\ga_
droga_domingos\drug_release.bbl"
LaTeX Font Info:    Try loading font information for T1+cmtt on input line 26.

("C:\Program Files (x86)\MiKTeX 2.9_1\tex\latex\base\t1cmtt.fd"
File: t1cmtt.fd 1999/05/25 v2.5h Standard LaTeX font definitions
)
Underfull \hbox (badness 1189) in paragraph at lines 48--53
[][]\T1/cmr/m/n/10.95 Goldberg, D., 1989, \T1/cmr/m/it/10.95 Ge-netic Al-go-rit
hms in Search, Op-ti-miza-tion, and Ma-chine Learn-
 []


Underfull \hbox (badness 1424) in paragraph at lines 48--53
\T1/cmr/m/it/10.95 ing \T1/cmr/m/n/10.95 (Addison-Wesley Pro-fes-sional), URL [
][][][][]$\T1/cmtt/m/n/10.95 http : //$[][][][][][]$www.$[][][][][][]$amazon.$[
][][][][][]$ca/$[][][][][][]$exec/$[][][][][][]$obidos/$[][][][][][]$redirect?$
[][]
 []


Underfull \hbox (badness 10000) in paragraph at lines 66--71
[][]\T1/cmr/m/n/10.95 Kao, Y.-T., and E. Za-hara, 2008, Ap-plied Soft Com-put-i
ng \T1/cmr/bx/n/10.95 8\T1/cmr/m/n/10.95 (2), 849,
 []


Underfull \hbox (badness 10000) in paragraph at lines 66--71
\T1/cmr/m/n/10.95 URL [][][][][]$\T1/cmtt/m/n/10.95 http : //$[][][][][][]$www.
$[][][][][][]$sciencedirect.$[][][][][][]$com/$[][][][][][]$science/$[][][][][]
[]$article/$[][][][][][]$B6W86-[]4P4NPDM-[]2/$[][][][][][]$2/$[][]
 []


Underfull \hbox (badness 7522) in paragraph at lines 73--78
[][]\T1/cmr/m/n/10.95 Paul, D. R., and S. K. Mc-Spad-den, 1976, Jour-nal of Mem
-brane Sci-ence \T1/cmr/bx/n/10.95 1\T1/cmr/m/n/10.95 ,
 []


Underfull \hbox (badness 10000) in paragraph at lines 73--78
\T1/cmr/m/n/10.95 33, URL [][][][][]$\T1/cmtt/m/n/10.95 http : //$[][][][][][]$
www.$[][][][][][]$sciencedirect.$[][][][][][]$com/$[][][][][][]$science/$[][][]
[][][]$article/$[][][][][][]$B6TGK-[]43N87VJ-[]41/$[][][][][][]$1/$[][]
 []

! Use of \@lbibitem doesn't match its definition.
\DeclareInputText #1#2->\def \reserved@a ##
                                           1 ${}\def \reserved@b {#2}\ifcat ...
l.88 ...mann and Gpferich}(2001)}]{Siepmann2001b}
                                                  
If you say, e.g., `\def\a1{...}', then you must always
put `1' after `\a', since control sequence names are
made up of letters only. The macro here has not been
followed by the required stuff, so I'm ignoring it.

)
! Incomplete \iffalse; all text was ignored after line 88.
<inserted text> 
                \fi 
l.560 \bibliography{drug_release}
                                 
The file ended while I was skipping conditional text.
This kind of error happens when you say `\if...' and forget
the matching `\fi'. I've inserted a `\fi'; this might work.

)
! Incomplete \iffalse; all text was ignored after line 88.
<inserted text> 
                \fi 
<*> drug_release.tex
                    
The file ended while I was skipping conditional text.
This kind of error happens when you say `\if...' and forget
the matching `\fi'. I've inserted a `\fi'; this might work.

! Emergency stop.
<*> drug_release.tex
                    
*** (job aborted, no legal \end found)

 
Here is how much of TeX's memory you used:
 17834 strings out of 493922
 324807 string characters out of 3144086
 401577 words of memory out of 3000000
 20810 multiletter control sequences out of 15000+200000
 20915 words of font info for 59 fonts, out of 3000000 for 9000
 841 hyphenation exceptions out of 8191
 62i,9n,56p,643b,563s stack positions out of 5000i,500n,10000p,200000b,50000s
Output written on drug_release.dvi (11 pages, 71200 bytes).
